# JRE version: OpenJDK Runtime Environment Temurin-21.0.10+7 (21.0.10+7) (build 21.0.10+7-LTS)
# Java VM: OpenJDK 64-Bit Server VM Temurin-21.0.10+7 (21.0.10+7-LTS, mixed mode, sharing, tiered, compressed oops, compressed class ptrs, parallel gc, windows-amd64)
GC Precious Log:
 CardTable entry size: 512
 CPUs: 8 total, 8 available
 Memory: 16032M
 Large Page Support: Disabled
 NUMA Support: Disabled
 Compressed Oops: Enabled (32-bit)
 Alignments: Space 512K, Generation 512K, Heap 2M
 Heap Min Capacity: 100M
 Heap Initial Capacity: 100M
 Heap Max Capacity: 2G
 Pre-touch: Disabled
 Parallel Workers: 8
Heap:
 PSYoungGen      total 7168K, used 6616K [0x00000000d5580000, 0x00000000d6000000, 0x0000000100000000)
  eden space 6656K, 91% used [0x00000000d5580000,0x00000000d5b777a8,0x00000000d5c00000)
  from space 512K, 98% used [0x00000000d5e80000,0x00000000d5efe900,0x00000000d5f00000)
  to   space 2048K, 0% used [0x00000000d5c00000,0x00000000d5c00000,0x00000000d5e00000)
 ParOldGen       total 706048K, used 705917K [0x0000000080000000, 0x00000000ab180000, 0x00000000d5580000)
  object space 706048K, 99% used [0x0000000080000000,0x00000000ab15f538,0x00000000ab180000)
 Metaspace       used 102249K, committed 104064K, reserved 1179648K
  class space    used 10235K, committed 11072K, reserved 1048576K
GC Heap History (20 events):
Event: 10737.167 GC heap before
{Heap before GC invocations=4841 (full 11):
 PSYoungGen      total 7680K, used 7380K [0x00000000d5580000, 0x00000000d6080000, 0x0000000100000000)
  eden space 6656K, 100% used [0x00000000d5580000,0x00000000d5c00000,0x00000000d5c00000)
  from space 1024K, 70% used [0x00000000d5f80000,0x00000000d6035200,0x00000000d6080000)
  to   space 1024K, 0% used [0x00000000d5e80000,0x00000000d5e80000,0x00000000d5f80000)
 ParOldGen       total 701440K, used 701062K [0x0000000080000000, 0x00000000aad00000, 0x00000000d5580000)
  object space 701440K, 99% used [0x0000000080000000,0x00000000aaca1b00,0x00000000aad00000)
 Metaspace       used 102176K, committed 104064K, reserved 1179648K
  class space    used 10235K, committed 11072K, reserved 1048576K
}
Event: 10737.170 GC heap after
{Heap after GC invocations=4841 (full 11):
 PSYoungGen      total 7680K, used 852K [0x00000000d5580000, 0x00000000d6000000, 0x0000000100000000)
  eden space 6656K, 0% used [0x00000000d5580000,0x00000000d5580000,0x00000000d5c00000)
  from space 1024K, 83% used [0x00000000d5e80000,0x00000000d5f55200,0x00000000d5f80000)
  to   space 512K, 0% used [0x00000000d5f80000,0x00000000d5f80000,0x00000000d6000000)
 ParOldGen       total 701952K, used 701655K [0x0000000080000000, 0x00000000aad80000, 0x00000000d5580000)
  object space 701952K, 99% used [0x0000000080000000,0x00000000aad35d30,0x00000000aad80000)
 Metaspace       used 102176K, committed 104064K, reserved 1179648K
  class space    used 10235K, committed 11072K, reserved 1048576K
}
Event: 10737.181 GC heap before
{Heap before GC invocations=4842 (full 11):
 PSYoungGen      total 7680K, used 7508K [0x00000000d5580000, 0x00000000d6000000, 0x0000000100000000)
  eden space 6656K, 100% used [0x00000000d5580000,0x00000000d5c00000,0x00000000d5c00000)
  from space 1024K, 83% used [0x00000000d5e80000,0x00000000d5f55200,0x00000000d5f80000)
  to   space 512K, 0% used [0x00000000d5f80000,0x00000000d5f80000,0x00000000d6000000)
 ParOldGen       total 701952K, used 701655K [0x0000000080000000, 0x00000000aad80000, 0x00000000d5580000)
  object space 701952K, 99% used [0x0000000080000000,0x00000000aad35d30,0x00000000aad80000)
 Metaspace       used 102176K, committed 104064K, reserved 1179648K
  class space    used 10235K, committed 11072K, reserved 1048576K
}
Event: 10737.184 GC heap after
{Heap after GC invocations=4842 (full 11):
 PSYoungGen      total 7168K, used 512K [0x00000000d5580000, 0x00000000d6000000, 0x0000000100000000)
  eden space 6656K, 0% used [0x00000000d5580000,0x00000000d5580000,0x00000000d5c00000)
  from space 512K, 100% used [0x00000000d5f80000,0x00000000d6000000,0x00000000d6000000)
  to   space 1536K, 0% used [0x00000000d5d00000,0x00000000d5d00000,0x00000000d5e80000)
 ParOldGen       total 702464K, used 702399K [0x0000000080000000, 0x00000000aae00000, 0x00000000d5580000)
  object space 702464K, 99% used [0x0000000080000000,0x00000000aadeff60,0x00000000aae00000)
 Metaspace       used 102176K, committed 104064K, reserved 1179648K
  class space    used 10235K, committed 11072K, reserved 1048576K
}
Event: 10751.296 GC heap before
{Heap before GC invocations=4843 (full 11):
 PSYoungGen      total 7168K, used 7155K [0x00000000d5580000, 0x00000000d6000000, 0x0000000100000000)
  eden space 6656K, 99% used [0x00000000d5580000,0x00000000d5bfceb8,0x00000000d5c00000)
  from space 512K, 100% used [0x00000000d5f80000,0x00000000d6000000,0x00000000d6000000)
  to   space 1536K, 0% used [0x00000000d5d00000,0x00000000d5d00000,0x00000000d5e80000)
 ParOldGen       total 702464K, used 702399K [0x0000000080000000, 0x00000000aae00000, 0x00000000d5580000)
  object space 702464K, 99% used [0x0000000080000000,0x00000000aadeff60,0x00000000aae00000)
 Metaspace       used 102188K, committed 104064K, reserved 1179648K
  class space    used 10235K, committed 11072K, reserved 1048576K
}
Event: 10751.299 GC heap after
{Heap after GC invocations=4843 (full 11):
 PSYoungGen      total 8192K, used 480K [0x00000000d5580000, 0x00000000d6000000, 0x0000000100000000)
  eden space 6656K, 0% used [0x00000000d5580000,0x00000000d5580000,0x00000000d5c00000)
  from space 1536K, 31% used [0x00000000d5d00000,0x00000000d5d78020,0x00000000d5e80000)
  to   space 1024K, 0% used [0x00000000d5f00000,0x00000000d5f00000,0x00000000d6000000)
 ParOldGen       total 702976K, used 702919K [0x0000000080000000, 0x00000000aae80000, 0x00000000d5580000)
  object space 702976K, 99% used [0x0000000080000000,0x00000000aae71fa0,0x00000000aae80000)
 Metaspace       used 102188K, committed 104064K, reserved 1179648K
  class space    used 10235K, committed 11072K, reserved 1048576K
}
Event: 10751.842 GC heap before
{Heap before GC invocations=4844 (full 11):
 PSYoungGen      total 8192K, used 7136K [0x00000000d5580000, 0x00000000d6000000, 0x0000000100000000)
  eden space 6656K, 100% used [0x00000000d5580000,0x00000000d5c00000,0x00000000d5c00000)
  from space 1536K, 31% used [0x00000000d5d00000,0x00000000d5d78020,0x00000000d5e80000)
  to   space 1024K, 0% used [0x00000000d5f00000,0x00000000d5f00000,0x00000000d6000000)
 ParOldGen       total 702976K, used 702919K [0x0000000080000000, 0x00000000aae80000, 0x00000000d5580000)
  object space 702976K, 99% used [0x0000000080000000,0x00000000aae71fa0,0x00000000aae80000)
 Metaspace       used 102200K, committed 104064K, reserved 1179648K
  class space    used 10235K, committed 11072K, reserved 1048576K
}
Event: 10751.844 GC heap after
{Heap after GC invocations=4844 (full 11):
 PSYoungGen      total 7168K, used 192K [0x00000000d5580000, 0x00000000d5f80000, 0x0000000100000000)
  eden space 6656K, 0% used [0x00000000d5580000,0x00000000d5580000,0x00000000d5c00000)
  from space 512K, 37% used [0x00000000d5f00000,0x00000000d5f30000,0x00000000d5f80000)
  to   space 512K, 0% used [0x00000000d5e80000,0x00000000d5e80000,0x00000000d5f00000)
 ParOldGen       total 703488K, used 703135K [0x0000000080000000, 0x00000000aaf00000, 0x00000000d5580000)
  object space 703488K, 99% used [0x0000000080000000,0x00000000aaea7fc0,0x00000000aaf00000)
 Metaspace       used 102200K, committed 104064K, reserved 1179648K
  class space    used 10235K, committed 11072K, reserved 1048576K
}
Event: 10751.909 GC heap before
{Heap before GC invocations=4845 (full 11):
 PSYoungGen      total 7168K, used 6848K [0x00000000d5580000, 0x00000000d5f80000, 0x0000000100000000)
  eden space 6656K, 100% used [0x00000000d5580000,0x00000000d5c00000,0x00000000d5c00000)
  from space 512K, 37% used [0x00000000d5f00000,0x00000000d5f30000,0x00000000d5f80000)
  to   space 512K, 0% used [0x00000000d5e80000,0x00000000d5e80000,0x00000000d5f00000)
 ParOldGen       total 703488K, used 703135K [0x0000000080000000, 0x00000000aaf00000, 0x00000000d5580000)
  object space 703488K, 99% used [0x0000000080000000,0x00000000aaea7fc0,0x00000000aaf00000)
 Metaspace       used 102226K, committed 104064K, reserved 1179648K
  class space    used 10235K, committed 11072K, reserved 1048576K
}
Event: 10751.912 GC heap after
{Heap after GC invocations=4845 (full 11):
 PSYoungGen      total 7168K, used 288K [0x00000000d5580000, 0x00000000d5f80000, 0x0000000100000000)
  eden space 6656K, 0% used [0x00000000d5580000,0x00000000d5580000,0x00000000d5c00000)
  from space 512K, 56% used [0x00000000d5e80000,0x00000000d5ec8000,0x00000000d5f00000)
  to   space 512K, 0% used [0x00000000d5f00000,0x00000000d5f00000,0x00000000d5f80000)
 ParOldGen       total 703488K, used 703167K [0x0000000080000000, 0x00000000aaf00000, 0x00000000d5580000)
  object space 703488K, 99% used [0x0000000080000000,0x00000000aaeaffc0,0x00000000aaf00000)
 Metaspace       used 102226K, committed 104064K, reserved 1179648K
  class space    used 10235K, committed 11072K, reserved 1048576K
}
Event: 10776.186 GC heap before
{Heap before GC invocations=4846 (full 11):
 PSYoungGen      total 7168K, used 6944K [0x00000000d5580000, 0x00000000d5f80000, 0x0000000100000000)
  eden space 6656K, 100% used [0x00000000d5580000,0x00000000d5c00000,0x00000000d5c00000)
  from space 512K, 56% used [0x00000000d5e80000,0x00000000d5ec8000,0x00000000d5f00000)
  to   space 512K, 0% used [0x00000000d5f00000,0x00000000d5f00000,0x00000000d5f80000)
 ParOldGen       total 703488K, used 703167K [0x0000000080000000, 0x00000000aaf00000, 0x00000000d5580000)
  object space 703488K, 99% used [0x0000000080000000,0x00000000aaeaffc0,0x00000000aaf00000)
 Metaspace       used 102227K, committed 104064K, reserved 1179648K
  class space    used 10235K, committed 11072K, reserved 1048576K
}
Event: 10776.189 GC heap after
{Heap after GC invocations=4846 (full 11):
 PSYoungGen      total 7168K, used 500K [0x00000000d5580000, 0x00000000d5f80000, 0x0000000100000000)
  eden space 6656K, 0% used [0x00000000d5580000,0x00000000d5580000,0x00000000d5c00000)
  from space 512K, 97% used [0x00000000d5f00000,0x00000000d5f7d200,0x00000000d5f80000)
  to   space 1024K, 0% used [0x00000000d5d80000,0x00000000d5d80000,0x00000000d5e80000)
 ParOldGen       total 703488K, used 703207K [0x0000000080000000, 0x00000000aaf00000, 0x00000000d5580000)
  object space 703488K, 99% used [0x0000000080000000,0x00000000aaeb9fc0,0x00000000aaf00000)
 Metaspace       used 102227K, committed 104064K, reserved 1179648K
  class space    used 10235K, committed 11072K, reserved 1048576K
}
Event: 10776.205 GC heap before
{Heap before GC invocations=4847 (full 11):
 PSYoungGen      total 7168K, used 7156K [0x00000000d5580000, 0x00000000d5f80000, 0x0000000100000000)
  eden space 6656K, 100% used [0x00000000d5580000,0x00000000d5c00000,0x00000000d5c00000)
  from space 512K, 97% used [0x00000000d5f00000,0x00000000d5f7d200,0x00000000d5f80000)
  to   space 1024K, 0% used [0x00000000d5d80000,0x00000000d5d80000,0x00000000d5e80000)
 ParOldGen       total 703488K, used 703207K [0x0000000080000000, 0x00000000aaf00000, 0x00000000d5580000)
  object space 703488K, 99% used [0x0000000080000000,0x00000000aaeb9fc0,0x00000000aaf00000)
 Metaspace       used 102227K, committed 104064K, reserved 1179648K
  class space    used 10235K, committed 11072K, reserved 1048576K
}
Event: 10776.209 GC heap after
{Heap after GC invocations=4847 (full 11):
 PSYoungGen      total 7680K, used 698K [0x00000000d5580000, 0x00000000d5f80000, 0x0000000100000000)
  eden space 6656K, 0% used [0x00000000d5580000,0x00000000d5580000,0x00000000d5c00000)
  from space 1024K, 68% used [0x00000000d5d80000,0x00000000d5e2e900,0x00000000d5e80000)
  to   space 1024K, 0% used [0x00000000d5e80000,0x00000000d5e80000,0x00000000d5f80000)
 ParOldGen       total 704000K, used 703650K [0x0000000080000000, 0x00000000aaf80000, 0x00000000d5580000)
  object space 704000K, 99% used [0x0000000080000000,0x00000000aaf28b18,0x00000000aaf80000)
 Metaspace       used 102227K, committed 104064K, reserved 1179648K
  class space    used 10235K, committed 11072K, reserved 1048576K
}
Event: 10776.216 GC heap before
{Heap before GC invocations=4848 (full 11):
 PSYoungGen      total 7680K, used 7354K [0x00000000d5580000, 0x00000000d5f80000, 0x0000000100000000)
  eden space 6656K, 100% used [0x00000000d5580000,0x00000000d5c00000,0x00000000d5c00000)
  from space 1024K, 68% used [0x00000000d5d80000,0x00000000d5e2e900,0x00000000d5e80000)
  to   space 1024K, 0% used [0x00000000d5e80000,0x00000000d5e80000,0x00000000d5f80000)
 ParOldGen       total 704000K, used 703650K [0x0000000080000000, 0x00000000aaf80000, 0x00000000d5580000)
  object space 704000K, 99% used [0x0000000080000000,0x00000000aaf28b18,0x00000000aaf80000)
 Metaspace       used 102227K, committed 104064K, reserved 1179648K
  class space    used 10235K, committed 11072K, reserved 1048576K
}
Event: 10776.219 GC heap after
{Heap after GC invocations=4848 (full 11):
 PSYoungGen      total 7680K, used 704K [0x00000000d5580000, 0x00000000d5f80000, 0x0000000100000000)
  eden space 6656K, 0% used [0x00000000d5580000,0x00000000d5580000,0x00000000d5c00000)
  from space 1024K, 68% used [0x00000000d5e80000,0x00000000d5f30000,0x00000000d5f80000)
  to   space 1024K, 0% used [0x00000000d5d80000,0x00000000d5d80000,0x00000000d5e80000)
 ParOldGen       total 704512K, used 704300K [0x0000000080000000, 0x00000000ab000000, 0x00000000d5580000)
  object space 704512K, 99% used [0x0000000080000000,0x00000000aafcb008,0x00000000ab000000)
 Metaspace       used 102227K, committed 104064K, reserved 1179648K
  class space    used 10235K, committed 11072K, reserved 1048576K
}
Event: 11844.704 GC heap before
{Heap before GC invocations=4849 (full 11):
 PSYoungGen      total 7680K, used 7360K [0x00000000d5580000, 0x00000000d5f80000, 0x0000000100000000)
  eden space 6656K, 100% used [0x00000000d5580000,0x00000000d5c00000,0x00000000d5c00000)
  from space 1024K, 68% used [0x00000000d5e80000,0x00000000d5f30000,0x00000000d5f80000)
  to   space 1024K, 0% used [0x00000000d5d80000,0x00000000d5d80000,0x00000000d5e80000)
 ParOldGen       total 704512K, used 704300K [0x0000000080000000, 0x00000000ab000000, 0x00000000d5580000)
  object space 704512K, 99% used [0x0000000080000000,0x00000000aafcb008,0x00000000ab000000)
 Metaspace       used 102244K, committed 104064K, reserved 1179648K
  class space    used 10235K, committed 11072K, reserved 1048576K
}
Event: 11844.737 GC heap after
{Heap after GC invocations=4849 (full 11):
 PSYoungGen      total 7680K, used 948K [0x00000000d5580000, 0x00000000d5f00000, 0x0000000100000000)
  eden space 6656K, 0% used [0x00000000d5580000,0x00000000d5580000,0x00000000d5c00000)
  from space 1024K, 92% used [0x00000000d5d80000,0x00000000d5e6d220,0x00000000d5e80000)
  to   space 512K, 0% used [0x00000000d5e80000,0x00000000d5e80000,0x00000000d5f00000)
 ParOldGen       total 705024K, used 704884K [0x0000000080000000, 0x00000000ab080000, 0x00000000d5580000)
  object space 705024K, 99% used [0x0000000080000000,0x00000000ab05d048,0x00000000ab080000)
 Metaspace       used 102244K, committed 104064K, reserved 1179648K
  class space    used 10235K, committed 11072K, reserved 1048576K
}
Event: 11844.768 GC heap before
{Heap before GC invocations=4850 (full 11):
 PSYoungGen      total 7680K, used 7604K [0x00000000d5580000, 0x00000000d5f00000, 0x0000000100000000)
  eden space 6656K, 100% used [0x00000000d5580000,0x00000000d5c00000,0x00000000d5c00000)
  from space 1024K, 92% used [0x00000000d5d80000,0x00000000d5e6d220,0x00000000d5e80000)
  to   space 512K, 0% used [0x00000000d5e80000,0x00000000d5e80000,0x00000000d5f00000)
 ParOldGen       total 705024K, used 704884K [0x0000000080000000, 0x00000000ab080000, 0x00000000d5580000)
  object space 705024K, 99% used [0x0000000080000000,0x00000000ab05d048,0x00000000ab080000)
 Metaspace       used 102244K, committed 104064K, reserved 1179648K
  class space    used 10235K, committed 11072K, reserved 1048576K
}
Event: 11844.771 GC heap after
{Heap after GC invocations=4850 (full 11):
 PSYoungGen      total 7168K, used 506K [0x00000000d5580000, 0x00000000d6000000, 0x0000000100000000)
  eden space 6656K, 0% used [0x00000000d5580000,0x00000000d5580000,0x00000000d5c00000)
  from space 512K, 98% used [0x00000000d5e80000,0x00000000d5efe900,0x00000000d5f00000)
  to   space 2048K, 0% used [0x00000000d5c00000,0x00000000d5c00000,0x00000000d5e00000)
 ParOldGen       total 706048K, used 705917K [0x0000000080000000, 0x00000000ab180000, 0x00000000d5580000)
  object space 706048K, 99% used [0x0000000080000000,0x00000000ab15f538,0x00000000ab180000)
 Metaspace       used 102244K, committed 104064K, reserved 1179648K
  class space    used 10235K, committed 11072K, reserved 1048576K
}

